Sat Oct 19 00:32:14 BST 2013  [debug] AvalonLogChute initialized using file 'D:\Work\SiriusDev\Sirius\Sirius-Server-Core\target\site\cucumber\velocity.log'
Sat Oct 19 00:32:14 BST 2013  [trace] *******************************************************************
Sat Oct 19 00:32:14 BST 2013  [debug] Starting Apache Velocity v1.5 (compiled: 2007-02-22 08:52:29)
Sat Oct 19 00:32:14 BST 2013  [trace] RuntimeInstance initializing.
Sat Oct 19 00:32:14 BST 2013  [debug] Default Properties File: org\apache\velocity\runtime\defaults\velocity.properties
Sat Oct 19 00:32:14 BST 2013  [debug] Trying to use logger class org.apache.velocity.runtime.log.AvalonLogChute
Sat Oct 19 00:32:14 BST 2013  [debug] Using logger class org.apache.velocity.runtime.log.AvalonLogChute
Sat Oct 19 00:32:14 BST 2013  [debug] Default ResourceManager initializing. (class org.apache.velocity.runtime.resource.ResourceManagerImpl)
Sat Oct 19 00:32:14 BST 2013  [debug] ResourceLoader instantiated: org.apache.velocity.runtime.resource.loader.ClasspathResourceLoader
Sat Oct 19 00:32:14 BST 2013  [trace] ClasspathResourceLoader : initialization complete.
Sat Oct 19 00:32:14 BST 2013  [debug] ResourceCache: initialized (class org.apache.velocity.runtime.resource.ResourceCacheImpl)
Sat Oct 19 00:32:14 BST 2013  [trace] Default ResourceManager initialization complete.
Sat Oct 19 00:32:14 BST 2013  [debug] Loaded System Directive: org.apache.velocity.runtime.directive.Literal
Sat Oct 19 00:32:14 BST 2013  [debug] Loaded System Directive: org.apache.velocity.runtime.directive.Macro
Sat Oct 19 00:32:14 BST 2013  [debug] Loaded System Directive: org.apache.velocity.runtime.directive.Parse
Sat Oct 19 00:32:14 BST 2013  [debug] Loaded System Directive: org.apache.velocity.runtime.directive.Include
Sat Oct 19 00:32:14 BST 2013  [debug] Loaded System Directive: org.apache.velocity.runtime.directive.Foreach
Sat Oct 19 00:32:14 BST 2013  [debug] Created '20' parsers.
Sat Oct 19 00:32:14 BST 2013  [trace] Velocimacro : initialization starting.
Sat Oct 19 00:32:14 BST 2013  [debug] Velocimacro : "velocimacro.library" is not set.  Trying default library: VM_global_library.vm
Sat Oct 19 00:32:14 BST 2013  [debug] Velocimacro : Default library not found.
Sat Oct 19 00:32:14 BST 2013  [debug] Velocimacro : allowInline = true : VMs can be defined inline in templates
Sat Oct 19 00:32:14 BST 2013  [debug] Velocimacro : allowInlineToOverride = false : VMs defined inline may NOT replace previous VM definitions
Sat Oct 19 00:32:14 BST 2013  [debug] Velocimacro : allowInlineLocal = false : VMs defined inline will be global in scope if allowed.
Sat Oct 19 00:32:14 BST 2013  [debug] Velocimacro : autoload off : VM system will not automatically reload global library macros
Sat Oct 19 00:32:14 BST 2013  [trace] Velocimacro : Velocimacro : initialization complete.
Sat Oct 19 00:32:14 BST 2013  [trace] RuntimeInstance successfully initialized.
Sat Oct 19 00:32:14 BST 2013  [debug] ResourceManager : found templates/tagOverview.vm with loader org.apache.velocity.runtime.resource.loader.ClasspathResourceLoader
